<?xml version="1.0" encoding="UTF-8"?>
<testsuite name="censusanalyser.CensusAnalyserTest" tests="1" skipped="0" failures="0" errors="0" timestamp="2020-03-05T05:01:25" hostname="admin1-H110M-H" time="0.003">
  <properties/>
  <testcase name="givenIndiaStateCode_withCorrectFile_ShouldReturn_ExpectedValue" classname="censusanalyser.CensusAnalyserTest" time="0.003"/>
  <system-out><![CDATA[]]></system-out>
  <system-err><![CDATA[]]></system-err>
</testsuite>
