<?xml version="1.0" encoding="UTF-8"?>
<testsuite name="censusanalyser.CensusAnalyserTest" tests="4" skipped="0" failures="0" errors="0" timestamp="2020-03-03T12:14:56" hostname="admin1-H110M-H" time="0.14">
  <properties/>
  <testcase name="givenIndianCensusCSVFileReturnsCorrectRecords" classname="censusanalyser.CensusAnalyserTest" time="0.12"/>
  <testcase name="givenIndiaStateCode_withCorrectFilePath_ShouldReturn_ExpectedValue" classname="censusanalyser.CensusAnalyserTest" time="0.007"/>
  <testcase name="givenIndiaCensusData_WithWrongFile_ShouldThrowException" classname="censusanalyser.CensusAnalyserTest" time="0.001"/>
  <testcase name="givenIndiaStateCode_withCorrectFile_ShouldReturn_ExpectedValue" classname="censusanalyser.CensusAnalyserTest" time="0.012"/>
  <system-out><![CDATA[]]></system-out>
  <system-err><![CDATA[]]></system-err>
</testsuite>
