<?xml version="1.0" encoding="UTF-8"?>
<testsuite name="censusanalyser.CensusAnalyserTest" tests="4" skipped="0" failures="0" errors="0" timestamp="2020-03-03T13:28:22" hostname="admin1-H110M-H" time="0.142">
  <properties/>
  <testcase name="givenIndianCensusCSVFileReturnsCorrectRecords" classname="censusanalyser.CensusAnalyserTest" time="0.125"/>
  <testcase name="givenIndiaStateCode_withCorrectFilePath_ShouldReturn_ExpectedValue" classname="censusanalyser.CensusAnalyserTest" time="0.003"/>
  <testcase name="givenIndiaCensusData_WithWrongFile_ShouldThrowException" classname="censusanalyser.CensusAnalyserTest" time="0.0"/>
  <testcase name="givenIndiaStateCode_withCorrectFile_ShouldReturn_ExpectedValue" classname="censusanalyser.CensusAnalyserTest" time="0.013"/>
  <system-out><![CDATA[]]></system-out>
  <system-err><![CDATA[]]></system-err>
</testsuite>
