<?xml version="1.0" encoding="UTF-8"?>
<testsuite name="censusanalyser.CensusAnalyserTest" tests="8" skipped="0" failures="0" errors="0" timestamp="2020-03-06T07:03:12" hostname="admin1-H110M-H" time="0.356">
  <properties/>
  <testcase name="givenIndianCensusCSVFileReturnsCorrectRecords" classname="censusanalyser.CensusAnalyserTest" time="0.131"/>
  <testcase name="given_USCensusCSVFileReturns_CorrectNoOfRecords" classname="censusanalyser.CensusAnalyserTest" time="0.072"/>
  <testcase name="givenIndiaStateCensus_WhenSortedOnDensity_ShouldReturnSortedResult" classname="censusanalyser.CensusAnalyserTest" time="0.054"/>
  <testcase name="givenIndiaStateCode_withCorrectFilePath_ShouldReturn_ExpectedValue" classname="censusanalyser.CensusAnalyserTest" time="0.018"/>
  <testcase name="givenIndiaCensusData_WithWrongFile_ShouldThrowException" classname="censusanalyser.CensusAnalyserTest" time="0.0"/>
  <testcase name="givenIndiaStateCensus_WhenSortedOnState_ShouldReturnSortedResult" classname="censusanalyser.CensusAnalyserTest" time="0.027"/>
  <testcase name="givenIndiaStateCensus_WhenSortedOnPopulation_ShouldReturnSortedResult" classname="censusanalyser.CensusAnalyserTest" time="0.027"/>
  <testcase name="givenIndiaStateCode_withCorrectFile_ShouldReturn_ExpectedValue" classname="censusanalyser.CensusAnalyserTest" time="0.025"/>
  <system-out><![CDATA[]]></system-out>
  <system-err><![CDATA[]]></system-err>
</testsuite>
