<?xml version="1.0" encoding="UTF-8"?>
<testsuite name="censusanalyser.CensusAnalyserTest" tests="1" skipped="0" failures="0" errors="0" timestamp="2020-03-07T04:56:05" hostname="admin1-H110M-H" time="0.235">
  <properties/>
  <testcase name="givenIndiaCensusAndUsCensus_ComparedOnDensity_ShouldReturn_MaximumDensityState" classname="censusanalyser.CensusAnalyserTest" time="0.235"/>
  <system-out><![CDATA[]]></system-out>
  <system-err><![CDATA[]]></system-err>
</testsuite>
