<?xml version="1.0" encoding="UTF-8"?>
<testsuite name="censusanalyser.CensusAnalyserTest" tests="8" skipped="0" failures="0" errors="0" timestamp="2020-03-05T12:41:13" hostname="admin1-H110M-H" time="0.326">
  <properties/>
  <testcase name="givenIndianCensusCSVFileReturnsCorrectRecords" classname="censusanalyser.CensusAnalyserTest" time="0.117"/>
  <testcase name="given_USCensusCSVFileReturns_CorrectNoOfRecords" classname="censusanalyser.CensusAnalyserTest" time="0.072"/>
  <testcase name="givenIndiaStateCensus_WhenSortedOnDensity_ShouldReturnSortedResult" classname="censusanalyser.CensusAnalyserTest" time="0.052"/>
  <testcase name="givenIndiaStateCode_withCorrectFilePath_ShouldReturn_ExpectedValue" classname="censusanalyser.CensusAnalyserTest" time="0.017"/>
  <testcase name="givenIndiaCensusData_WithWrongFile_ShouldThrowException" classname="censusanalyser.CensusAnalyserTest" time="0.001"/>
  <testcase name="givenIndiaStateCensus_WhenSortedOnState_ShouldReturnSortedResult" classname="censusanalyser.CensusAnalyserTest" time="0.019"/>
  <testcase name="givenIndiaStateCensus_WhenSortedOnPopulation_ShouldReturnSortedResult" classname="censusanalyser.CensusAnalyserTest" time="0.021"/>
  <testcase name="givenIndiaStateCode_withCorrectFile_ShouldReturn_ExpectedValue" classname="censusanalyser.CensusAnalyserTest" time="0.026"/>
  <system-out><![CDATA[]]></system-out>
  <system-err><![CDATA[]]></system-err>
</testsuite>
